<?xml version="1.0" encoding="UTF-8"?>
<!-- Generated by org.testng.reporters.JUnitReportReporter -->
<testsuite skipped="0" hostname="Fatih" name="MockarooDataValidation" tests="1" failures="0" timestamp="26 Jun 2018 22:12:03 GMT" time="24.737" errors="0">
  <testcase name="openApplication" time="24.737" classname="MockarooDataValidation"/>
</testsuite> <!-- MockarooDataValidation -->
